# JRE version: Java(TM) SE Runtime Environment (8.0_121-b13) (build 1.8.0_121-b13)
# Java VM: Java HotSpot(TM) Client VM (25.121-b13 mixed mode windows-x86 )
Heap:
 def new generation   total 4928K, used 641K [0x03c00000, 0x04150000, 0x19150000)
  eden space 4416K,  10% used [0x03c00000, 0x03c767c0, 0x04050000)
  from space 512K,  32% used [0x040d0000, 0x040f9d50, 0x04150000)
  to   space 512K,   0% used [0x04050000, 0x04050000, 0x040d0000)
 tenured generation   total 10944K, used 9186K [0x19150000, 0x19c00000, 0x43c00000)
   the space 10944K,  83% used [0x19150000, 0x19a48b68, 0x19a48c00, 0x19c00000)
 Metaspace       used 2481K, capacity 2534K, committed 2624K, reserved 4480K
GC Heap History (10 events):
Event: 0.407 GC heap before
{Heap before GC invocations=0 (full 0):
 def new generation   total 4928K, used 4163K [0x03c00000, 0x04150000, 0x19150000)
  eden space 4416K,  94% used [0x03c00000, 0x04010e98, 0x04050000)
  from space 512K,   0% used [0x04050000, 0x04050000, 0x040d0000)
  to   space 512K,   0% used [0x040d0000, 0x040d0000, 0x04150000)
 tenured generation   total 10944K, used 0K [0x19150000, 0x19c00000, 0x43c00000)
   the space 10944K,   0% used [0x19150000, 0x19150000, 0x19150200, 0x19c00000)
 Metaspace       used 2343K, capacity 2406K, committed 2496K, reserved 4480K
Event: 0.412 GC heap after
Heap after GC invocations=1 (full 0):
 def new generation   total 4928K, used 512K [0x03c00000, 0x04150000, 0x19150000)
  eden space 4416K,   0% used [0x03c00000, 0x03c00000, 0x04050000)
  from space 512K, 100% used [0x040d0000, 0x04150000, 0x04150000)
  to   space 512K,   0% used [0x04050000, 0x04050000, 0x040d0000)
 tenured generation   total 10944K, used 1076K [0x19150000, 0x19c00000, 0x43c00000)
   the space 10944K,   9% used [0x19150000, 0x1925d270, 0x1925d400, 0x19c00000)
 Metaspace       used 2343K, capacity 2406K, committed 2496K, reserved 4480K
}
Event: 0.459 GC heap before
{Heap before GC invocations=1 (full 0):
 def new generation   total 4928K, used 4408K [0x03c00000, 0x04150000, 0x19150000)
  eden space 4416K,  88% used [0x03c00000, 0x03fce118, 0x04050000)
  from space 512K, 100% used [0x040d0000, 0x04150000, 0x04150000)
  to   space 512K,   0% used [0x04050000, 0x04050000, 0x040d0000)
 tenured generation   total 10944K, used 1076K [0x19150000, 0x19c00000, 0x43c00000)
   the space 10944K,   9% used [0x19150000, 0x1925d270, 0x1925d400, 0x19c00000)
 Metaspace       used 2343K, capacity 2406K, committed 2496K, reserved 4480K
Event: 0.462 GC heap after
Heap after GC invocations=2 (full 0):
 def new generation   total 4928K, used 511K [0x03c00000, 0x04150000, 0x19150000)
  eden space 4416K,   0% used [0x03c00000, 0x03c00000, 0x04050000)
  from space 512K,  99% used [0x04050000, 0x040cfdf0, 0x040d0000)
  to   space 512K,   0% used [0x040d0000, 0x040d0000, 0x04150000)
 tenured generation   total 10944K, used 2470K [0x19150000, 0x19c00000, 0x43c00000)
   the space 10944K,  22% used [0x19150000, 0x193b9b58, 0x193b9c00, 0x19c00000)
 Metaspace       used 2343K, capacity 2406K, committed 2496K, reserved 4480K
}
Event: 0.503 GC heap before
{Heap before GC invocations=2 (full 0):
 def new generation   total 4928K, used 4884K [0x03c00000, 0x04150000, 0x19150000)
  eden space 4416K,  99% used [0x03c00000, 0x040452c8, 0x04050000)
  from space 512K,  99% used [0x04050000, 0x040cfdf0, 0x040d0000)
  to   space 512K,   0% used [0x040d0000, 0x040d0000, 0x04150000)
 tenured generation   total 10944K, used 2470K [0x19150000, 0x19c00000, 0x43c00000)
   the space 10944K,  22% used [0x19150000, 0x193b9b58, 0x193b9c00, 0x19c00000)
 Metaspace       used 2343K, capacity 2406K, committed 2496K, reserved 4480K
Event: 0.505 GC heap after
Heap after GC invocations=3 (full 0):
 def new generation   total 4928K, used 510K [0x03c00000, 0x04150000, 0x19150000)
  eden space 4416K,   0% used [0x03c00000, 0x03c00000, 0x04050000)
  from space 512K,  99% used [0x040d0000, 0x0414fa60, 0x04150000)
  to   space 512K,   0% used [0x04050000, 0x04050000, 0x040d0000)
 tenured generation   total 10944K, used 4085K [0x19150000, 0x19c00000, 0x43c00000)
   the space 10944K,  37% used [0x19150000, 0x1954d4e8, 0x1954d600, 0x19c00000)
 Metaspace       used 2343K, capacity 2406K, committed 2496K, reserved 4480K
}
Event: 0.561 GC heap before
{Heap before GC invocations=3 (full 0):
 def new generation   total 4928K, used 3002K [0x03c00000, 0x04150000, 0x19150000)
  eden space 4416K,  56% used [0x03c00000, 0x03e6edb0, 0x04050000)
  from space 512K,  99% used [0x040d0000, 0x0414fa60, 0x04150000)
  to   space 512K,   0% used [0x04050000, 0x04050000, 0x040d0000)
 tenured generation   total 10944K, used 4085K [0x19150000, 0x19c00000, 0x43c00000)
   the space 10944K,  37% used [0x19150000, 0x1954d4e8, 0x1954d600, 0x19c00000)
 Metaspace       used 2440K, capacity 2502K, committed 2624K, reserved 4480K
Event: 0.563 GC heap after
Heap after GC invocations=4 (full 0):
 def new generation   total 4928K, used 428K [0x03c00000, 0x04150000, 0x19150000)
  eden space 4416K,   0% used [0x03c00000, 0x03c00000, 0x04050000)
  from space 512K,  83% used [0x04050000, 0x040bb3c8, 0x040d0000)
  to   space 512K,   0% used [0x040d0000, 0x040d0000, 0x04150000)
 tenured generation   total 10944K, used 4678K [0x19150000, 0x19c00000, 0x43c00000)
   the space 10944K,  42% used [0x19150000, 0x195e1b80, 0x195e1c00, 0x19c00000)
 Metaspace       used 2440K, capacity 2502K, committed 2624K, reserved 4480K
}
Event: 0.566 GC heap before
{Heap before GC invocations=4 (full 0):
 def new generation   total 4928K, used 4844K [0x03c00000, 0x04150000, 0x19150000)
  eden space 4416K, 100% used [0x03c00000, 0x04050000, 0x04050000)
  from space 512K,  83% used [0x04050000, 0x040bb3c8, 0x040d0000)
  to   space 512K,   0% used [0x040d0000, 0x040d0000, 0x04150000)
 tenured generation   total 10944K, used 4678K [0x19150000, 0x19c00000, 0x43c00000)
   the space 10944K,  42% used [0x19150000, 0x195e1b80, 0x195e1c00, 0x19c00000)
 Metaspace       used 2449K, capacity 2502K, committed 2624K, reserved 4480K
Event: 0.572 GC heap after
Heap after GC invocations=5 (full 0):
 def new generation   total 4928K, used 167K [0x03c00000, 0x04150000, 0x19150000)
  eden space 4416K,   0% used [0x03c00000, 0x03c00000, 0x04050000)
  from space 512K,  32% used [0x040d0000, 0x040f9d50, 0x04150000)
  to   space 512K,   0% used [0x04050000, 0x04050000, 0x040d0000)
 tenured generation   total 10944K, used 9186K [0x19150000, 0x19c00000, 0x43c00000)
   the space 10944K,  83% used [0x19150000, 0x19a48b68, 0x19a48c00, 0x19c00000)
 Metaspace       used 2449K, capacity 2502K, committed 2624K, reserved 4480K
}

